<?xml version="1.0" encoding="UTF-8" ?>
<testsuites>
  <testsuite errors="0" failures="0" hostname="edouard-pc" id="0" name="JeuTestServiceIntegrationSpec" package="friendsofmine" tests="1" time="0.211" timestamp="2015-04-01T12:59:11">
      <properties />

      <testcase classname="friendsofmine.JeuTestServiceIntegrationSpec" name="test creation jeu de tests pour activités" time="0.209" />

      <system-out><![CDATA[--Output from test creation jeu de tests pour activités--
Hibernate: select count(*) as y0_ from activite this_
Hibernate: select count(*) as y0_ from activite this_
Hibernate: select count(*) as y0_ from activite this_
Hibernate: select count(*) as y0_ from activite this_
Hibernate: select count(*) as y0_ from activite this_
Hibernate: select count(*) as y0_ from activite this_
]]></system-out>

      <system-err><![CDATA[--Output from test creation jeu de tests pour activités--
]]></system-err>

  </testsuite>
</testsuites>
